DEBUG:asyncio:Using proactor: IocpProactor
DEBUG:aiogram:Make request: "getMe" with data: "{}" and files "None"
DEBUG:aiogram:Response for getMe: [200] "'{"ok":true,"result":{"id":1131525410,"is_bot":true,"first_name":"test_bot1","username":"rikirill235test_bot","can_join_groups":true,"can_read_all_group_messages":false,"supports_inline_queries":false}}'"
INFO:aiogram:Bot: test_bot1 [@rikirill235test_bot]
INFO:aiogram.dispatcher.dispatcher:Start polling.
DEBUG:aiogram:Make request: "getWebhookInfo" with data: "{}" and files "None"
DEBUG:aiogram:Response for getWebhookInfo: [200] "'{"ok":true,"result":{"url":"","has_custom_certificate":false,"pending_update_count":3}}'"
DEBUG:aiogram:Make request: "getUpdates" with data: "{'timeout': 20}" and files "None"
DEBUG:aiogram:Response for getUpdates: [200] "'{"ok":true,"result":[{"update_id":462856729,\n"message":{"message_id":6209,"from":{"id":250958146,"is_bot":false,"first_name":"rikirill","username":"rikirill","language_code":"ru"},"chat":{"id":250958146,"first_name":"rikirill","username":"rikirill","type":"private"},"date":1593516437,"text":"\\ud83d\\udcd5 \\u041f\\u043e\\u0441\\u043c\\u043e\\u0442\\u0440\\u0435\\u0442\\u044c \\u043a\\u0430\\u0442\\u0430\\u043b\\u043e\\u0433"}},{"update_id":462856730,\n"message":{"message_id":6210,"from":{"id":250958146,"is_bot":false,"first_name":"rikirill","username":"rikirill","language_code":"ru"},"chat":{"id":250958146,"first_name":"rikirill","username":"rikirill","type":"private"},"date":1593516448,"text":"\\ud83d\\udcd5 \\u041f\\u043e\\u0441\\u043c\\u043e\\u0442\\u0440\\u0435\\u0442\\u044c \\u043a\\u0430\\u0442\\u0430\\u043b\\u043e\\u0433"}}]}'"
DEBUG:aiogram.dispatcher.dispatcher:Received 2 updates.
DEBUG:aiogram:Make request: "sendMessage" with data: "{'chat_id': 250958146, 'text': 'Каталог\nРљРѕСЂРЅРµРІР°СЏ РєР°С‚РµРіРѕСЂРёСЏ РєР°С‚Р°Р»РѕРіР°', 'reply_markup': '{"inline_keyboard": [[{"text": "none", "callback_data": "movenone"}]]}'}" and files "None"
DEBUG:aiogram:Make request: "sendMessage" with data: "{'chat_id': 250958146, 'text': 'Каталог\nРљРѕСЂРЅРµРІР°СЏ РєР°С‚РµРіРѕСЂРёСЏ РєР°С‚Р°Р»РѕРіР°', 'reply_markup': '{"inline_keyboard": [[{"text": "none", "callback_data": "movenone"}]]}'}" and files "None"
DEBUG:aiogram:Make request: "getUpdates" with data: "{'offset': 462856731, 'timeout': 20}" and files "None"
DEBUG:aiogram:Response for sendMessage: [200] "'{"ok":true,"result":{"message_id":6211,"from":{"id":1131525410,"is_bot":true,"first_name":"test_bot1","username":"rikirill235test_bot"},"chat":{"id":250958146,"first_name":"rikirill","username":"rikirill","type":"private"},"date":1593516451,"text":"\\u041a\\u0430\\u0442\\u0430\\u043b\\u043e\\u0433\\n\\u0420\\u0459\\u0420\\u0455\\u0421\\u0402\\u0420\\u0405\\u0420\\u00b5\\u0420\\u0406\\u0420\\u00b0\\u0421\\u040f \\u0420\\u0454\\u0420\\u00b0\\u0421\\u201a\\u0420\\u00b5\\u0420\\u0456\\u0420\\u0455\\u0421\\u0402\\u0420\\u0451\\u0421\\u040f \\u0420\\u0454\\u0420\\u00b0\\u0421\\u201a\\u0420\\u00b0\\u0420\\u00bb\\u0420\\u0455\\u0420\\u0456\\u0420\\u00b0","reply_markup":{"inline_keyboard":[[{"text":"none","callback_data":"movenone"}]]}}}'"
DEBUG:aiogram:Response for sendMessage: [200] "'{"ok":true,"result":{"message_id":6212,"from":{"id":1131525410,"is_bot":true,"first_name":"test_bot1","username":"rikirill235test_bot"},"chat":{"id":250958146,"first_name":"rikirill","username":"rikirill","type":"private"},"date":1593516451,"text":"\\u041a\\u0430\\u0442\\u0430\\u043b\\u043e\\u0433\\n\\u0420\\u0459\\u0420\\u0455\\u0421\\u0402\\u0420\\u0405\\u0420\\u00b5\\u0420\\u0406\\u0420\\u00b0\\u0421\\u040f \\u0420\\u0454\\u0420\\u00b0\\u0421\\u201a\\u0420\\u00b5\\u0420\\u0456\\u0420\\u0455\\u0421\\u0402\\u0420\\u0451\\u0421\\u040f \\u0420\\u0454\\u0420\\u00b0\\u0421\\u201a\\u0420\\u00b0\\u0420\\u00bb\\u0420\\u0455\\u0420\\u0456\\u0420\\u00b0","reply_markup":{"inline_keyboard":[[{"text":"none","callback_data":"movenone"}]]}}}'"
DEBUG:asyncio:Using proactor: IocpProactor
DEBUG:aiogram:Make request: "getMe" with data: "{}" and files "None"
DEBUG:aiogram:Response for getMe: [200] "'{"ok":true,"result":{"id":1131525410,"is_bot":true,"first_name":"test_bot1","username":"rikirill235test_bot","can_join_groups":true,"can_read_all_group_messages":false,"supports_inline_queries":false}}'"
INFO:aiogram:Bot: test_bot1 [@rikirill235test_bot]
INFO:aiogram.dispatcher.dispatcher:Start polling.
DEBUG:aiogram:Make request: "getWebhookInfo" with data: "{}" and files "None"
DEBUG:aiogram:Response for getWebhookInfo: [200] "'{"ok":true,"result":{"url":"","has_custom_certificate":false,"pending_update_count":1}}'"
DEBUG:aiogram:Make request: "getUpdates" with data: "{'timeout': 20}" and files "None"
DEBUG:aiogram:Response for getUpdates: [200] "'{"ok":true,"result":[{"update_id":462856731,\n"message":{"message_id":6213,"from":{"id":250958146,"is_bot":false,"first_name":"rikirill","username":"rikirill","language_code":"ru"},"chat":{"id":250958146,"first_name":"rikirill","username":"rikirill","type":"private"},"date":1593516496,"text":"\\ud83d\\udcd5 \\u041f\\u043e\\u0441\\u043c\\u043e\\u0442\\u0440\\u0435\\u0442\\u044c \\u043a\\u0430\\u0442\\u0430\\u043b\\u043e\\u0433"}}]}'"
DEBUG:aiogram.dispatcher.dispatcher:Received 1 updates.
DEBUG:aiogram:Make request: "sendMessage" with data: "{'chat_id': 250958146, 'text': 'Каталог\nРљРѕСЂРЅРµРІР°СЏ РєР°С‚РµРіРѕСЂРёСЏ РєР°С‚Р°Р»РѕРіР°', 'reply_markup': '{"inline_keyboard": [[{"text": "none", "callback_data": "movenone"}]]}'}" and files "None"
DEBUG:aiogram:Make request: "getUpdates" with data: "{'offset': 462856732, 'timeout': 20}" and files "None"
DEBUG:aiogram:Response for sendMessage: [200] "'{"ok":true,"result":{"message_id":6214,"from":{"id":1131525410,"is_bot":true,"first_name":"test_bot1","username":"rikirill235test_bot"},"chat":{"id":250958146,"first_name":"rikirill","username":"rikirill","type":"private"},"date":1593516501,"text":"\\u041a\\u0430\\u0442\\u0430\\u043b\\u043e\\u0433\\n\\u0420\\u0459\\u0420\\u0455\\u0421\\u0402\\u0420\\u0405\\u0420\\u00b5\\u0420\\u0406\\u0420\\u00b0\\u0421\\u040f \\u0420\\u0454\\u0420\\u00b0\\u0421\\u201a\\u0420\\u00b5\\u0420\\u0456\\u0420\\u0455\\u0421\\u0402\\u0420\\u0451\\u0421\\u040f \\u0420\\u0454\\u0420\\u00b0\\u0421\\u201a\\u0420\\u00b0\\u0420\\u00bb\\u0420\\u0455\\u0420\\u0456\\u0420\\u00b0","reply_markup":{"inline_keyboard":[[{"text":"none","callback_data":"movenone"}]]}}}'"
DEBUG:aiogram:Response for getUpdates: [200] "'{"ok":true,"result":[]}'"
DEBUG:aiogram:Make request: "getUpdates" with data: "{'offset': 462856732, 'timeout': 20}" and files "None"
DEBUG:asyncio:Using proactor: IocpProactor
DEBUG:aiogram:Make request: "getMe" with data: "{}" and files "None"
DEBUG:aiogram:Response for getMe: [200] "'{"ok":true,"result":{"id":1131525410,"is_bot":true,"first_name":"test_bot1","username":"rikirill235test_bot","can_join_groups":true,"can_read_all_group_messages":false,"supports_inline_queries":false}}'"
INFO:aiogram:Bot: test_bot1 [@rikirill235test_bot]
INFO:aiogram.dispatcher.dispatcher:Start polling.
DEBUG:aiogram:Make request: "getWebhookInfo" with data: "{}" and files "None"
DEBUG:aiogram:Response for getWebhookInfo: [200] "'{"ok":true,"result":{"url":"","has_custom_certificate":false,"pending_update_count":1}}'"
DEBUG:aiogram:Make request: "getUpdates" with data: "{'timeout': 20}" and files "None"
DEBUG:aiogram:Response for getUpdates: [200] "'{"ok":true,"result":[{"update_id":462856732,\n"message":{"message_id":6215,"from":{"id":250958146,"is_bot":false,"first_name":"rikirill","username":"rikirill","language_code":"ru"},"chat":{"id":250958146,"first_name":"rikirill","username":"rikirill","type":"private"},"date":1593516681,"text":"\\ud83d\\udcd5 \\u041f\\u043e\\u0441\\u043c\\u043e\\u0442\\u0440\\u0435\\u0442\\u044c \\u043a\\u0430\\u0442\\u0430\\u043b\\u043e\\u0433"}}]}'"
DEBUG:aiogram.dispatcher.dispatcher:Received 1 updates.
DEBUG:aiogram:Make request: "sendMessage" with data: "{'chat_id': 250958146, 'text': 'Каталог\nКорневая категория каталога'}" and files "None"
DEBUG:aiogram:Make request: "getUpdates" with data: "{'offset': 462856733, 'timeout': 20}" and files "None"
DEBUG:aiogram:Response for sendMessage: [200] "'{"ok":true,"result":{"message_id":6216,"from":{"id":1131525410,"is_bot":true,"first_name":"test_bot1","username":"rikirill235test_bot"},"chat":{"id":250958146,"first_name":"rikirill","username":"rikirill","type":"private"},"date":1593516694,"text":"\\u041a\\u0430\\u0442\\u0430\\u043b\\u043e\\u0433\\n\\u041a\\u043e\\u0440\\u043d\\u0435\\u0432\\u0430\\u044f \\u043a\\u0430\\u0442\\u0435\\u0433\\u043e\\u0440\\u0438\\u044f \\u043a\\u0430\\u0442\\u0430\\u043b\\u043e\\u0433\\u0430"}}'"
DEBUG:asyncio:Using proactor: IocpProactor
DEBUG:aiogram:Make request: "getMe" with data: "{}" and files "None"
DEBUG:aiogram:Response for getMe: [200] "'{"ok":true,"result":{"id":1131525410,"is_bot":true,"first_name":"test_bot1","username":"rikirill235test_bot","can_join_groups":true,"can_read_all_group_messages":false,"supports_inline_queries":false}}'"
INFO:aiogram:Bot: test_bot1 [@rikirill235test_bot]
INFO:aiogram.dispatcher.dispatcher:Start polling.
DEBUG:aiogram:Make request: "getWebhookInfo" with data: "{}" and files "None"
DEBUG:aiogram:Response for getWebhookInfo: [200] "'{"ok":true,"result":{"url":"","has_custom_certificate":false,"pending_update_count":0}}'"
DEBUG:aiogram:Make request: "getUpdates" with data: "{'timeout': 20}" and files "None"
DEBUG:aiogram:Response for getUpdates: [200] "'{"ok":true,"result":[{"update_id":462856733,\n"message":{"message_id":6217,"from":{"id":250958146,"is_bot":false,"first_name":"rikirill","username":"rikirill","language_code":"ru"},"chat":{"id":250958146,"first_name":"rikirill","username":"rikirill","type":"private"},"date":1593542385,"text":"help","entities":[{"offset":0,"length":4,"type":"bold"}]}}]}'"
DEBUG:aiogram.dispatcher.dispatcher:Received 1 updates.
DEBUG:aiogram:Make request: "sendMessage" with data: "{'chat_id': 250958146, 'text': 'Помощь\n\n/shopping — В магазин\n/terms — Ознакомиться с условиями\n/support — Написать в поддержку\n/help — Помощь'}" and files "None"
DEBUG:aiogram:Make request: "getUpdates" with data: "{'offset': 462856734, 'timeout': 20}" and files "None"
DEBUG:aiogram:Response for sendMessage: [200] "'{"ok":true,"result":{"message_id":6218,"from":{"id":1131525410,"is_bot":true,"first_name":"test_bot1","username":"rikirill235test_bot"},"chat":{"id":250958146,"first_name":"rikirill","username":"rikirill","type":"private"},"date":1593542385,"text":"\\u041f\\u043e\\u043c\\u043e\\u0449\\u044c\\n\\n/shopping \\u2014 \\u0412 \\u043c\\u0430\\u0433\\u0430\\u0437\\u0438\\u043d\\n/terms \\u2014 \\u041e\\u0437\\u043d\\u0430\\u043a\\u043e\\u043c\\u0438\\u0442\\u044c\\u0441\\u044f \\u0441 \\u0443\\u0441\\u043b\\u043e\\u0432\\u0438\\u044f\\u043c\\u0438\\n/support \\u2014 \\u041d\\u0430\\u043f\\u0438\\u0441\\u0430\\u0442\\u044c \\u0432 \\u043f\\u043e\\u0434\\u0434\\u0435\\u0440\\u0436\\u043a\\u0443\\n/help \\u2014 \\u041f\\u043e\\u043c\\u043e\\u0449\\u044c","entities":[{"offset":8,"length":9,"type":"bot_command"},{"offset":30,"length":6,"type":"bot_command"},{"offset":64,"length":8,"type":"bot_command"},{"offset":96,"length":5,"type":"bot_command"}]}}'"
DEBUG:asyncio:Using proactor: IocpProactor
DEBUG:aiogram:Make request: "getMe" with data: "{}" and files "None"
DEBUG:aiogram:Response for getMe: [200] "'{"ok":true,"result":{"id":1131525410,"is_bot":true,"first_name":"test_bot1","username":"rikirill235test_bot","can_join_groups":true,"can_read_all_group_messages":false,"supports_inline_queries":false}}'"
INFO:aiogram:Bot: test_bot1 [@rikirill235test_bot]
INFO:aiogram.dispatcher.dispatcher:Start polling.
DEBUG:aiogram:Make request: "getWebhookInfo" with data: "{}" and files "None"
DEBUG:aiogram:Response for getWebhookInfo: [200] "'{"ok":true,"result":{"url":"","has_custom_certificate":false,"pending_update_count":4}}'"
DEBUG:aiogram:Make request: "getUpdates" with data: "{'timeout': 20}" and files "None"
DEBUG:aiogram:Response for getUpdates: [200] "'{"ok":true,"result":[{"update_id":462856734,\n"message":{"message_id":6219,"from":{"id":250958146,"is_bot":false,"first_name":"rikirill","username":"rikirill","language_code":"ru"},"chat":{"id":250958146,"first_name":"rikirill","username":"rikirill","type":"private"},"date":1593554645,"text":"/start","entities":[{"offset":0,"length":6,"type":"bot_command"}]}},{"update_id":462856735,\n"message":{"message_id":6220,"from":{"id":250958146,"is_bot":false,"first_name":"rikirill","username":"rikirill","language_code":"ru"},"chat":{"id":250958146,"first_name":"rikirill","username":"rikirill","type":"private"},"date":1593554923,"text":"\\u044b\\u0430\\u043f"}},{"update_id":462856736,\n"message":{"message_id":6221,"from":{"id":250958146,"is_bot":false,"first_name":"rikirill","username":"rikirill","language_code":"ru"},"chat":{"id":250958146,"first_name":"rikirill","username":"rikirill","type":"private"},"date":1593627425,"text":"\\ud83d\\udcd5 \\u041f\\u043e\\u0441\\u043c\\u043e\\u0442\\u0440\\u0435\\u0442\\u044c \\u043a\\u0430\\u0442\\u0430\\u043b\\u043e\\u0433"}},{"update_id":462856737,\n"message":{"message_id":6222,"from":{"id":250958146,"is_bot":false,"first_name":"rikirill","username":"rikirill","language_code":"ru"},"chat":{"id":250958146,"first_name":"rikirill","username":"rikirill","type":"private"},"date":1593627433,"text":"\\u043f\\u0440\\u0440\\u043e"}}]}'"
DEBUG:aiogram.dispatcher.dispatcher:Received 4 updates.
DEBUG:aiogram:Make request: "sendMessage" with data: "{'chat_id': 250958146, 'text': 'Помощь\n\n/shopping — В магазин\n/terms — Ознакомиться с условиями\n/support — Написать в поддержку\n/help — Помощь'}" and files "None"
DEBUG:aiogram:Make request: "sendMessage" with data: "{'chat_id': 250958146, 'text': 'Помощь\n\n/shopping — В магазин\n/terms — Ознакомиться с условиями\n/support — Написать в поддержку\n/help — Помощь'}" and files "None"
DEBUG:aiogram:Make request: "sendMessage" with data: "{'chat_id': 250958146, 'text': 'Каталог\nКорневая категория каталога'}" and files "None"
DEBUG:aiogram:Make request: "sendMessage" with data: "{'chat_id': 250958146, 'text': 'Помощь\n\n/shopping — В магазин\n/terms — Ознакомиться с условиями\n/support — Написать в поддержку\n/help — Помощь'}" and files "None"
DEBUG:aiogram:Make request: "getUpdates" with data: "{'offset': 462856738, 'timeout': 20}" and files "None"
DEBUG:aiogram:Response for sendMessage: [200] "'{"ok":true,"result":{"message_id":6223,"from":{"id":1131525410,"is_bot":true,"first_name":"test_bot1","username":"rikirill235test_bot"},"chat":{"id":250958146,"first_name":"rikirill","username":"rikirill","type":"private"},"date":1593627450,"text":"\\u041f\\u043e\\u043c\\u043e\\u0449\\u044c\\n\\n/shopping \\u2014 \\u0412 \\u043c\\u0430\\u0433\\u0430\\u0437\\u0438\\u043d\\n/terms \\u2014 \\u041e\\u0437\\u043d\\u0430\\u043a\\u043e\\u043c\\u0438\\u0442\\u044c\\u0441\\u044f \\u0441 \\u0443\\u0441\\u043b\\u043e\\u0432\\u0438\\u044f\\u043c\\u0438\\n/support \\u2014 \\u041d\\u0430\\u043f\\u0438\\u0441\\u0430\\u0442\\u044c \\u0432 \\u043f\\u043e\\u0434\\u0434\\u0435\\u0440\\u0436\\u043a\\u0443\\n/help \\u2014 \\u041f\\u043e\\u043c\\u043e\\u0449\\u044c","entities":[{"offset":8,"length":9,"type":"bot_command"},{"offset":30,"length":6,"type":"bot_command"},{"offset":64,"length":8,"type":"bot_command"},{"offset":96,"length":5,"type":"bot_command"}]}}'"
DEBUG:aiogram:Response for sendMessage: [200] "'{"ok":true,"result":{"message_id":6224,"from":{"id":1131525410,"is_bot":true,"first_name":"test_bot1","username":"rikirill235test_bot"},"chat":{"id":250958146,"first_name":"rikirill","username":"rikirill","type":"private"},"date":1593627450,"text":"\\u041a\\u0430\\u0442\\u0430\\u043b\\u043e\\u0433\\n\\u041a\\u043e\\u0440\\u043d\\u0435\\u0432\\u0430\\u044f \\u043a\\u0430\\u0442\\u0435\\u0433\\u043e\\u0440\\u0438\\u044f \\u043a\\u0430\\u0442\\u0430\\u043b\\u043e\\u0433\\u0430"}}'"
DEBUG:aiogram:Response for sendMessage: [200] "'{"ok":true,"result":{"message_id":6225,"from":{"id":1131525410,"is_bot":true,"first_name":"test_bot1","username":"rikirill235test_bot"},"chat":{"id":250958146,"first_name":"rikirill","username":"rikirill","type":"private"},"date":1593627450,"text":"\\u041f\\u043e\\u043c\\u043e\\u0449\\u044c\\n\\n/shopping \\u2014 \\u0412 \\u043c\\u0430\\u0433\\u0430\\u0437\\u0438\\u043d\\n/terms \\u2014 \\u041e\\u0437\\u043d\\u0430\\u043a\\u043e\\u043c\\u0438\\u0442\\u044c\\u0441\\u044f \\u0441 \\u0443\\u0441\\u043b\\u043e\\u0432\\u0438\\u044f\\u043c\\u0438\\n/support \\u2014 \\u041d\\u0430\\u043f\\u0438\\u0441\\u0430\\u0442\\u044c \\u0432 \\u043f\\u043e\\u0434\\u0434\\u0435\\u0440\\u0436\\u043a\\u0443\\n/help \\u2014 \\u041f\\u043e\\u043c\\u043e\\u0449\\u044c","entities":[{"offset":8,"length":9,"type":"bot_command"},{"offset":30,"length":6,"type":"bot_command"},{"offset":64,"length":8,"type":"bot_command"},{"offset":96,"length":5,"type":"bot_command"}]}}'"
DEBUG:aiogram:Response for sendMessage: [200] "'{"ok":true,"result":{"message_id":6226,"from":{"id":1131525410,"is_bot":true,"first_name":"test_bot1","username":"rikirill235test_bot"},"chat":{"id":250958146,"first_name":"rikirill","username":"rikirill","type":"private"},"date":1593627450,"text":"\\u041f\\u043e\\u043c\\u043e\\u0449\\u044c\\n\\n/shopping \\u2014 \\u0412 \\u043c\\u0430\\u0433\\u0430\\u0437\\u0438\\u043d\\n/terms \\u2014 \\u041e\\u0437\\u043d\\u0430\\u043a\\u043e\\u043c\\u0438\\u0442\\u044c\\u0441\\u044f \\u0441 \\u0443\\u0441\\u043b\\u043e\\u0432\\u0438\\u044f\\u043c\\u0438\\n/support \\u2014 \\u041d\\u0430\\u043f\\u0438\\u0441\\u0430\\u0442\\u044c \\u0432 \\u043f\\u043e\\u0434\\u0434\\u0435\\u0440\\u0436\\u043a\\u0443\\n/help \\u2014 \\u041f\\u043e\\u043c\\u043e\\u0449\\u044c","entities":[{"offset":8,"length":9,"type":"bot_command"},{"offset":30,"length":6,"type":"bot_command"},{"offset":64,"length":8,"type":"bot_command"},{"offset":96,"length":5,"type":"bot_command"}]}}'"
DEBUG:aiogram:Response for getUpdates: [200] "'{"ok":true,"result":[{"update_id":462856738,\n"message":{"message_id":6227,"from":{"id":250958146,"is_bot":false,"first_name":"rikirill","username":"rikirill","language_code":"ru"},"chat":{"id":250958146,"first_name":"rikirill","username":"rikirill","type":"private"},"date":1593627457,"text":"/shopping","entities":[{"offset":0,"length":9,"type":"bot_command"}]}}]}'"
DEBUG:aiogram.dispatcher.dispatcher:Received 1 updates.
DEBUG:aiogram:Make request: "sendMessage" with data: "{'chat_id': 250958146, 'text': 'Помощь\n\n/shopping — В магазин\n/terms — Ознакомиться с условиями\n/support — Написать в поддержку\n/help — Помощь'}" and files "None"
DEBUG:aiogram:Make request: "getUpdates" with data: "{'offset': 462856739, 'timeout': 20}" and files "None"
DEBUG:aiogram:Response for sendMessage: [200] "'{"ok":true,"result":{"message_id":6228,"from":{"id":1131525410,"is_bot":true,"first_name":"test_bot1","username":"rikirill235test_bot"},"chat":{"id":250958146,"first_name":"rikirill","username":"rikirill","type":"private"},"date":1593627458,"text":"\\u041f\\u043e\\u043c\\u043e\\u0449\\u044c\\n\\n/shopping \\u2014 \\u0412 \\u043c\\u0430\\u0433\\u0430\\u0437\\u0438\\u043d\\n/terms \\u2014 \\u041e\\u0437\\u043d\\u0430\\u043a\\u043e\\u043c\\u0438\\u0442\\u044c\\u0441\\u044f \\u0441 \\u0443\\u0441\\u043b\\u043e\\u0432\\u0438\\u044f\\u043c\\u0438\\n/support \\u2014 \\u041d\\u0430\\u043f\\u0438\\u0441\\u0430\\u0442\\u044c \\u0432 \\u043f\\u043e\\u0434\\u0434\\u0435\\u0440\\u0436\\u043a\\u0443\\n/help \\u2014 \\u041f\\u043e\\u043c\\u043e\\u0449\\u044c","entities":[{"offset":8,"length":9,"type":"bot_command"},{"offset":30,"length":6,"type":"bot_command"},{"offset":64,"length":8,"type":"bot_command"},{"offset":96,"length":5,"type":"bot_command"}]}}'"
DEBUG:aiogram:Response for getUpdates: [200] "'{"ok":true,"result":[{"update_id":462856739,\n"message":{"message_id":6229,"from":{"id":250958146,"is_bot":false,"first_name":"rikirill","username":"rikirill","language_code":"ru"},"chat":{"id":250958146,"first_name":"rikirill","username":"rikirill","type":"private"},"date":1593627462,"text":"/shopping","entities":[{"offset":0,"length":9,"type":"bot_command"}]}}]}'"
DEBUG:aiogram.dispatcher.dispatcher:Received 1 updates.
DEBUG:aiogram:Make request: "sendMessage" with data: "{'chat_id': 250958146, 'text': 'Помощь\n\n/shopping — В магазин\n/terms — Ознакомиться с условиями\n/support — Написать в поддержку\n/help — Помощь'}" and files "None"
DEBUG:aiogram:Make request: "getUpdates" with data: "{'offset': 462856740, 'timeout': 20}" and files "None"
DEBUG:aiogram:Response for sendMessage: [200] "'{"ok":true,"result":{"message_id":6230,"from":{"id":1131525410,"is_bot":true,"first_name":"test_bot1","username":"rikirill235test_bot"},"chat":{"id":250958146,"first_name":"rikirill","username":"rikirill","type":"private"},"date":1593627462,"text":"\\u041f\\u043e\\u043c\\u043e\\u0449\\u044c\\n\\n/shopping \\u2014 \\u0412 \\u043c\\u0430\\u0433\\u0430\\u0437\\u0438\\u043d\\n/terms \\u2014 \\u041e\\u0437\\u043d\\u0430\\u043a\\u043e\\u043c\\u0438\\u0442\\u044c\\u0441\\u044f \\u0441 \\u0443\\u0441\\u043b\\u043e\\u0432\\u0438\\u044f\\u043c\\u0438\\n/support \\u2014 \\u041d\\u0430\\u043f\\u0438\\u0441\\u0430\\u0442\\u044c \\u0432 \\u043f\\u043e\\u0434\\u0434\\u0435\\u0440\\u0436\\u043a\\u0443\\n/help \\u2014 \\u041f\\u043e\\u043c\\u043e\\u0449\\u044c","entities":[{"offset":8,"length":9,"type":"bot_command"},{"offset":30,"length":6,"type":"bot_command"},{"offset":64,"length":8,"type":"bot_command"},{"offset":96,"length":5,"type":"bot_command"}]}}'"
DEBUG:aiogram:Response for getUpdates: [200] "'{"ok":true,"result":[{"update_id":462856740,\n"message":{"message_id":6231,"from":{"id":250958146,"is_bot":false,"first_name":"rikirill","username":"rikirill","language_code":"ru"},"chat":{"id":250958146,"first_name":"rikirill","username":"rikirill","type":"private"},"date":1593627465,"text":"/help","entities":[{"offset":0,"length":5,"type":"bot_command"}]}}]}'"
DEBUG:aiogram.dispatcher.dispatcher:Received 1 updates.
DEBUG:aiogram:Make request: "sendMessage" with data: "{'chat_id': 250958146, 'text': 'Помощь\n\n/shopping — В магазин\n/terms — Ознакомиться с условиями\n/support — Написать в поддержку\n/help — Помощь'}" and files "None"
DEBUG:aiogram:Make request: "getUpdates" with data: "{'offset': 462856741, 'timeout': 20}" and files "None"
DEBUG:aiogram:Response for sendMessage: [200] "'{"ok":true,"result":{"message_id":6232,"from":{"id":1131525410,"is_bot":true,"first_name":"test_bot1","username":"rikirill235test_bot"},"chat":{"id":250958146,"first_name":"rikirill","username":"rikirill","type":"private"},"date":1593627465,"text":"\\u041f\\u043e\\u043c\\u043e\\u0449\\u044c\\n\\n/shopping \\u2014 \\u0412 \\u043c\\u0430\\u0433\\u0430\\u0437\\u0438\\u043d\\n/terms \\u2014 \\u041e\\u0437\\u043d\\u0430\\u043a\\u043e\\u043c\\u0438\\u0442\\u044c\\u0441\\u044f \\u0441 \\u0443\\u0441\\u043b\\u043e\\u0432\\u0438\\u044f\\u043c\\u0438\\n/support \\u2014 \\u041d\\u0430\\u043f\\u0438\\u0441\\u0430\\u0442\\u044c \\u0432 \\u043f\\u043e\\u0434\\u0434\\u0435\\u0440\\u0436\\u043a\\u0443\\n/help \\u2014 \\u041f\\u043e\\u043c\\u043e\\u0449\\u044c","entities":[{"offset":8,"length":9,"type":"bot_command"},{"offset":30,"length":6,"type":"bot_command"},{"offset":64,"length":8,"type":"bot_command"},{"offset":96,"length":5,"type":"bot_command"}]}}'"
DEBUG:aiogram:Response for getUpdates: [200] "'{"ok":true,"result":[{"update_id":462856741,\n"message":{"message_id":6233,"from":{"id":250958146,"is_bot":false,"first_name":"rikirill","username":"rikirill","language_code":"ru"},"chat":{"id":250958146,"first_name":"rikirill","username":"rikirill","type":"private"},"date":1593627466,"text":"/support","entities":[{"offset":0,"length":8,"type":"bot_command"}]}}]}'"
DEBUG:aiogram.dispatcher.dispatcher:Received 1 updates.
ERROR:asyncio:Task exception was never retrieved
future: <Task finished name='Task-33' coro=<Dispatcher._process_polling_updates() done, defined at D:\newLavka\venv\lib\site-packages\aiogram\dispatcher\dispatcher.py:331> exception=KeyError('who')>
Traceback (most recent call last):
  File "D:\newLavka\venv\lib\site-packages\aiogram\dispatcher\dispatcher.py", line 339, in _process_polling_updates
    for responses in itertools.chain.from_iterable(await self.process_updates(updates, fast)):
  File "D:\newLavka\venv\lib\site-packages\aiogram\dispatcher\dispatcher.py", line 194, in process_updates
    return await asyncio.gather(*tasks)
  File "D:\newLavka\venv\lib\site-packages\aiogram\dispatcher\handler.py", line 117, in notify
    response = await handler_obj.handler(*args, **partial_data)
  File "D:\newLavka\venv\lib\site-packages\aiogram\dispatcher\dispatcher.py", line 214, in process_update
    return await self.message_handlers.notify(update.message)
  File "D:\newLavka\venv\lib\site-packages\aiogram\dispatcher\handler.py", line 117, in notify
    response = await handler_obj.handler(*args, **partial_data)
  File "D:/newLavka/Lavka.py", line 298, in support
    await msg.answer(take_text("sup").format(config['manage']['main']))
KeyError: 'who'
DEBUG:aiogram:Make request: "getUpdates" with data: "{'offset': 462856742, 'timeout': 20}" and files "None"
DEBUG:aiogram:Response for getUpdates: [200] "'{"ok":true,"result":[{"update_id":462856742,\n"message":{"message_id":6234,"from":{"id":250958146,"is_bot":false,"first_name":"rikirill","username":"rikirill","language_code":"ru"},"chat":{"id":250958146,"first_name":"rikirill","username":"rikirill","type":"private"},"date":1593627470,"text":"/support","entities":[{"offset":0,"length":8,"type":"bot_command"}]}}]}'"
DEBUG:aiogram.dispatcher.dispatcher:Received 1 updates.
ERROR:asyncio:Task exception was never retrieved
future: <Task finished name='Task-36' coro=<Dispatcher._process_polling_updates() done, defined at D:\newLavka\venv\lib\site-packages\aiogram\dispatcher\dispatcher.py:331> exception=KeyError('who')>
Traceback (most recent call last):
  File "D:\newLavka\venv\lib\site-packages\aiogram\dispatcher\dispatcher.py", line 339, in _process_polling_updates
    for responses in itertools.chain.from_iterable(await self.process_updates(updates, fast)):
  File "D:\newLavka\venv\lib\site-packages\aiogram\dispatcher\dispatcher.py", line 194, in process_updates
    return await asyncio.gather(*tasks)
  File "D:\newLavka\venv\lib\site-packages\aiogram\dispatcher\handler.py", line 117, in notify
    response = await handler_obj.handler(*args, **partial_data)
  File "D:\newLavka\venv\lib\site-packages\aiogram\dispatcher\dispatcher.py", line 214, in process_update
    return await self.message_handlers.notify(update.message)
  File "D:\newLavka\venv\lib\site-packages\aiogram\dispatcher\handler.py", line 117, in notify
    response = await handler_obj.handler(*args, **partial_data)
  File "D:/newLavka/Lavka.py", line 298, in support
    await msg.answer(take_text("sup").format(config['manage']['main']))
KeyError: 'who'
DEBUG:aiogram:Make request: "getUpdates" with data: "{'offset': 462856743, 'timeout': 20}" and files "None"
DEBUG:aiogram:Response for getUpdates: [200] "'{"ok":true,"result":[{"update_id":462856743,\n"message":{"message_id":6235,"from":{"id":250958146,"is_bot":false,"first_name":"rikirill","username":"rikirill","language_code":"ru"},"chat":{"id":250958146,"first_name":"rikirill","username":"rikirill","type":"private"},"date":1593627471,"text":"/terms","entities":[{"offset":0,"length":6,"type":"bot_command"}]}}]}'"
DEBUG:aiogram.dispatcher.dispatcher:Received 1 updates.
DEBUG:aiogram:Make request: "sendMessage" with data: "{'chat_id': 250958146, 'text': 'условия оплаты и доставки'}" and files "None"
DEBUG:aiogram:Make request: "getUpdates" with data: "{'offset': 462856744, 'timeout': 20}" and files "None"
DEBUG:aiogram:Response for sendMessage: [200] "'{"ok":true,"result":{"message_id":6236,"from":{"id":1131525410,"is_bot":true,"first_name":"test_bot1","username":"rikirill235test_bot"},"chat":{"id":250958146,"first_name":"rikirill","username":"rikirill","type":"private"},"date":1593627472,"text":"\\u0443\\u0441\\u043b\\u043e\\u0432\\u0438\\u044f \\u043e\\u043f\\u043b\\u0430\\u0442\\u044b \\u0438 \\u0434\\u043e\\u0441\\u0442\\u0430\\u0432\\u043a\\u0438"}}'"
DEBUG:aiogram:Response for getUpdates: [200] "'{"ok":true,"result":[{"update_id":462856744,\n"message":{"message_id":6237,"from":{"id":250958146,"is_bot":false,"first_name":"rikirill","username":"rikirill","language_code":"ru"},"chat":{"id":250958146,"first_name":"rikirill","username":"rikirill","type":"private"},"date":1593627474,"text":"/shopping","entities":[{"offset":0,"length":9,"type":"bot_command"}]}}]}'"
DEBUG:aiogram.dispatcher.dispatcher:Received 1 updates.
DEBUG:aiogram:Make request: "sendMessage" with data: "{'chat_id': 250958146, 'text': 'Помощь\n\n/shopping — В магазин\n/terms — Ознакомиться с условиями\n/support — Написать в поддержку\n/help — Помощь'}" and files "None"
DEBUG:aiogram:Make request: "getUpdates" with data: "{'offset': 462856745, 'timeout': 20}" and files "None"
DEBUG:aiogram:Response for sendMessage: [200] "'{"ok":true,"result":{"message_id":6238,"from":{"id":1131525410,"is_bot":true,"first_name":"test_bot1","username":"rikirill235test_bot"},"chat":{"id":250958146,"first_name":"rikirill","username":"rikirill","type":"private"},"date":1593627474,"text":"\\u041f\\u043e\\u043c\\u043e\\u0449\\u044c\\n\\n/shopping \\u2014 \\u0412 \\u043c\\u0430\\u0433\\u0430\\u0437\\u0438\\u043d\\n/terms \\u2014 \\u041e\\u0437\\u043d\\u0430\\u043a\\u043e\\u043c\\u0438\\u0442\\u044c\\u0441\\u044f \\u0441 \\u0443\\u0441\\u043b\\u043e\\u0432\\u0438\\u044f\\u043c\\u0438\\n/support \\u2014 \\u041d\\u0430\\u043f\\u0438\\u0441\\u0430\\u0442\\u044c \\u0432 \\u043f\\u043e\\u0434\\u0434\\u0435\\u0440\\u0436\\u043a\\u0443\\n/help \\u2014 \\u041f\\u043e\\u043c\\u043e\\u0449\\u044c","entities":[{"offset":8,"length":9,"type":"bot_command"},{"offset":30,"length":6,"type":"bot_command"},{"offset":64,"length":8,"type":"bot_command"},{"offset":96,"length":5,"type":"bot_command"}]}}'"
